<?xml version="1.0" encoding="UTF-8"?>
<testsuite xmlns:xsi="http://www.w3.org/2001/XMLSchema-instance" xsi:noNamespaceSchemaLocation="https://maven.apache.org/surefire/maven-surefire-plugin/xsd/surefire-test-report-3.0.xsd" version="3.0" name="org.runnerclass.TestRunnerClass" time="0.74" tests="0" errors="0" skipped="0" failures="0">
  <properties>
    <property name="java.specification.version" value="17"/>
    <property name="sun.jnu.encoding" value="UTF-8"/>
    <property name="java.class.path" value="/Users/presidio/eclipse-workspace/DemoBlaze/target/test-classes:/Users/presidio/eclipse-workspace/DemoBlaze/target/classes:/Users/presidio/.m2/repository/io/cucumber/cucumber-java/7.15.0/cucumber-java-7.15.0.jar:/Users/presidio/.m2/repository/io/cucumber/cucumber-core/7.15.0/cucumber-core-7.15.0.jar:/Users/presidio/.m2/repository/io/cucumber/cucumber-gherkin/7.15.0/cucumber-gherkin-7.15.0.jar:/Users/presidio/.m2/repository/io/cucumber/cucumber-gherkin-messages/7.15.0/cucumber-gherkin-messages-7.15.0.jar:/Users/presidio/.m2/repository/io/cucumber/gherkin/26.2.0/gherkin-26.2.0.jar:/Users/presidio/.m2/repository/io/cucumber/messages/22.0.0/messages-22.0.0.jar:/Users/presidio/.m2/repository/io/cucumber/tag-expressions/6.0.0/tag-expressions-6.0.0.jar:/Users/presidio/.m2/repository/io/cucumber/cucumber-expressions/17.0.1/cucumber-expressions-17.0.1.jar:/Users/presidio/.m2/repository/io/cucumber/datatable/7.15.0/datatable-7.15.0.jar:/Users/presidio/.m2/repository/io/cucumber/cucumber-plugin/7.15.0/cucumber-plugin-7.15.0.jar:/Users/presidio/.m2/repository/io/cucumber/docstring/7.15.0/docstring-7.15.0.jar:/Users/presidio/.m2/repository/io/cucumber/html-formatter/20.4.0/html-formatter-20.4.0.jar:/Users/presidio/.m2/repository/io/cucumber/junit-xml-formatter/0.2.0/junit-xml-formatter-0.2.0.jar:/Users/presidio/.m2/repository/io/cucumber/ci-environment/10.0.0/ci-environment-10.0.0.jar:/Users/presidio/.m2/repository/org/apiguardian/apiguardian-api/1.1.2/apiguardian-api-1.1.2.jar:/Users/presidio/.m2/repository/io/cucumber/cucumber-junit/7.15.0/cucumber-junit-7.15.0.jar:/Users/presidio/.m2/repository/junit/junit/4.13.2/junit-4.13.2.jar:/Users/presidio/.m2/repository/org/hamcrest/hamcrest-core/1.3/hamcrest-core-1.3.jar:/Users/presidio/.m2/repository/org/apache/poi/poi-ooxml/4.1.2/poi-ooxml-4.1.2.jar:/Users/presidio/.m2/repository/org/apache/poi/poi/4.1.2/poi-4.1.2.jar:/Users/presidio/.m2/repository/org/apache/commons/commons-math3/3.6.1/commons-math3-3.6.1.jar:/Users/presidio/.m2/repository/com/zaxxer/SparseBitSet/1.2/SparseBitSet-1.2.jar:/Users/presidio/.m2/repository/org/apache/poi/poi-ooxml-schemas/4.1.2/poi-ooxml-schemas-4.1.2.jar:/Users/presidio/.m2/repository/org/apache/xmlbeans/xmlbeans/3.1.0/xmlbeans-3.1.0.jar:/Users/presidio/.m2/repository/org/apache/commons/commons-compress/1.19/commons-compress-1.19.jar:/Users/presidio/.m2/repository/com/github/virtuald/curvesapi/1.06/curvesapi-1.06.jar:/Users/presidio/.m2/repository/com/github/mkolisnyk/cucumber-report-generator/1.3.5/cucumber-report-generator-1.3.5.jar:/Users/presidio/.m2/repository/xml-apis/xml-apis/1.4.01/xml-apis-1.4.01.jar:/Users/presidio/.m2/repository/batik/batik-transcoder/1.6-1/batik-transcoder-1.6-1.jar:/Users/presidio/.m2/repository/batik/batik-bridge/1.6-1/batik-bridge-1.6-1.jar:/Users/presidio/.m2/repository/batik/batik-gvt/1.6-1/batik-gvt-1.6-1.jar:/Users/presidio/.m2/repository/batik/batik-awt-util/1.6-1/batik-awt-util-1.6-1.jar:/Users/presidio/.m2/repository/batik/batik-util/1.6-1/batik-util-1.6-1.jar:/Users/presidio/.m2/repository/batik/batik-gui-util/1.6-1/batik-gui-util-1.6-1.jar:/Users/presidio/.m2/repository/batik/batik-ext/1.6-1/batik-ext-1.6-1.jar:/Users/presidio/.m2/repository/xml-apis/xmlParserAPIs/2.0.2/xmlParserAPIs-2.0.2.jar:/Users/presidio/.m2/repository/batik/batik-script/1.6-1/batik-script-1.6-1.jar:/Users/presidio/.m2/repository/rhino/js/1.5R4.1/js-1.5R4.1.jar:/Users/presidio/.m2/repository/batik/batik-svg-dom/1.6-1/batik-svg-dom-1.6-1.jar:/Users/presidio/.m2/repository/batik/batik-dom/1.6-1/batik-dom-1.6-1.jar:/Users/presidio/.m2/repository/batik/batik-css/1.6-1/batik-css-1.6-1.jar:/Users/presidio/.m2/repository/batik/batik-xml/1.6-1/batik-xml-1.6-1.jar:/Users/presidio/.m2/repository/xerces/xercesImpl/2.5.0/xercesImpl-2.5.0.jar:/Users/presidio/.m2/repository/batik/batik-parser/1.6-1/batik-parser-1.6-1.jar:/Users/presidio/.m2/repository/com/itextpdf/itextpdf/5.5.12/itextpdf-5.5.12.jar:/Users/presidio/.m2/repository/com/cedarsoftware/json-io/4.10.0/json-io-4.10.0.jar:/Users/presidio/.m2/repository/info/cukes/cucumber-junit/1.2.5/cucumber-junit-1.2.5.jar:/Users/presidio/.m2/repository/info/cukes/cucumber-core/1.2.5/cucumber-core-1.2.5.jar:/Users/presidio/.m2/repository/info/cukes/cucumber-html/0.2.3/cucumber-html-0.2.3.jar:/Users/presidio/.m2/repository/info/cukes/cucumber-jvm-deps/1.0.5/cucumber-jvm-deps-1.0.5.jar:/Users/presidio/.m2/repository/info/cukes/gherkin/2.12.2/gherkin-2.12.2.jar:/Users/presidio/.m2/repository/info/cukes/cucumber-testng/1.2.5/cucumber-testng-1.2.5.jar:/Users/presidio/.m2/repository/org/testng/testng/6.9.10/testng-6.9.10.jar:/Users/presidio/.m2/repository/com/beust/jcommander/1.48/jcommander-1.48.jar:/Users/presidio/.m2/repository/org/beanshell/bsh/2.0b4/bsh-2.0b4.jar:/Users/presidio/.m2/repository/org/xhtmlrenderer/flying-saucer-pdf/9.1.7/flying-saucer-pdf-9.1.7.jar:/Users/presidio/.m2/repository/com/lowagie/itext/2.1.7/itext-2.1.7.jar:/Users/presidio/.m2/repository/org/bouncycastle/bctsp-jdk14/1.38/bctsp-jdk14-1.38.jar:/Users/presidio/.m2/repository/org/xhtmlrenderer/flying-saucer-core/9.1.7/flying-saucer-core-9.1.7.jar:/Users/presidio/.m2/repository/org/apache/commons/commons-lang3/3.6/commons-lang3-3.6.jar:/Users/presidio/.m2/repository/commons-codec/commons-codec/1.10/commons-codec-1.10.jar:/Users/presidio/.m2/repository/org/javassist/javassist/3.22.0-CR2/javassist-3.22.0-CR2.jar:/Users/presidio/.m2/repository/joda-time/joda-time/2.9.9/joda-time-2.9.9.jar:/Users/presidio/.m2/repository/org/freemarker/freemarker/2.3.26-incubating/freemarker-2.3.26-incubating.jar:/Users/presidio/.m2/repository/org/codehaus/plexus/plexus-utils/3.0.1/plexus-utils-3.0.1.jar:/Users/presidio/.m2/repository/org/apache/maven/maven-plugin-api/2.0/maven-plugin-api-2.0.jar:/Users/presidio/.m2/repository/org/apache/maven/reporting/maven-reporting-api/2.0.8/maven-reporting-api-2.0.8.jar:/Users/presidio/.m2/repository/org/apache/maven/doxia/doxia-sink-api/1.0-alpha-9/doxia-sink-api-1.0-alpha-9.jar:/Users/presidio/.m2/repository/org/apache/maven/reporting/maven-reporting-impl/2.0.4.3/maven-reporting-impl-2.0.4.3.jar:/Users/presidio/.m2/repository/org/apache/maven/maven-project/2.0.4/maven-project-2.0.4.jar:/Users/presidio/.m2/repository/org/apache/maven/maven-settings/2.0.4/maven-settings-2.0.4.jar:/Users/presidio/.m2/repository/org/apache/maven/maven-profile/2.0.4/maven-profile-2.0.4.jar:/Users/presidio/.m2/repository/org/apache/maven/maven-model/2.0.4/maven-model-2.0.4.jar:/Users/presidio/.m2/repository/org/apache/maven/maven-artifact-manager/2.0.4/maven-artifact-manager-2.0.4.jar:/Users/presidio/.m2/repository/org/apache/maven/maven-repository-metadata/2.0.4/maven-repository-metadata-2.0.4.jar:/Users/presidio/.m2/repository/org/apache/maven/wagon/wagon-provider-api/1.0-alpha-6/wagon-provider-api-1.0-alpha-6.jar:/Users/presidio/.m2/repository/org/apache/maven/maven-artifact/2.0.4/maven-artifact-2.0.4.jar:/Users/presidio/.m2/repository/org/codehaus/plexus/plexus-container-default/1.0-alpha-9/plexus-container-default-1.0-alpha-9.jar:/Users/presidio/.m2/repository/classworlds/classworlds/1.1-alpha-2/classworlds-1.1-alpha-2.jar:/Users/presidio/.m2/repository/org/apache/maven/doxia/doxia-core/1.0/doxia-core-1.0.jar:/Users/presidio/.m2/repository/org/apache/maven/doxia/doxia-site-renderer/1.0/doxia-site-renderer-1.0.jar:/Users/presidio/.m2/repository/org/codehaus/plexus/plexus-i18n/1.0-beta-7/plexus-i18n-1.0-beta-7.jar:/Users/presidio/.m2/repository/org/codehaus/plexus/plexus-velocity/1.1.7/plexus-velocity-1.1.7.jar:/Users/presidio/.m2/repository/org/apache/velocity/velocity/1.5/velocity-1.5.jar:/Users/presidio/.m2/repository/org/apache/maven/doxia/doxia-decoration-model/1.0/doxia-decoration-model-1.0.jar:/Users/presidio/.m2/repository/commons-collections/commons-collections/3.2/commons-collections-3.2.jar:/Users/presidio/.m2/repository/org/apache/maven/doxia/doxia-module-apt/1.0/doxia-module-apt-1.0.jar:/Users/presidio/.m2/repository/org/apache/maven/doxia/doxia-module-fml/1.0/doxia-module-fml-1.0.jar:/Users/presidio/.m2/repository/org/apache/maven/doxia/doxia-module-xdoc/1.0/doxia-module-xdoc-1.0.jar:/Users/presidio/.m2/repository/org/apache/maven/doxia/doxia-module-xhtml/1.0/doxia-module-xhtml-1.0.jar:/Users/presidio/.m2/repository/commons-validator/commons-validator/1.2.0/commons-validator-1.2.0.jar:/Users/presidio/.m2/repository/commons-beanutils/commons-beanutils/1.7.0/commons-beanutils-1.7.0.jar:/Users/presidio/.m2/repository/commons-digester/commons-digester/1.6/commons-digester-1.6.jar:/Users/presidio/.m2/repository/oro/oro/2.0.8/oro-2.0.8.jar:/Users/presidio/.m2/repository/org/apache/maven/shared/maven-doxia-tools/1.0.2/maven-doxia-tools-1.0.2.jar:/Users/presidio/.m2/repository/io/github/bonigarcia/webdrivermanager/5.7.0/webdrivermanager-5.7.0.jar:/Users/presidio/.m2/repository/org/slf4j/slf4j-api/2.0.12/slf4j-api-2.0.12.jar:/Users/presidio/.m2/repository/com/google/code/gson/gson/2.10.1/gson-2.10.1.jar:/Users/presidio/.m2/repository/com/github/docker-java/docker-java/3.3.5/docker-java-3.3.5.jar:/Users/presidio/.m2/repository/com/github/docker-java/docker-java-core/3.3.5/docker-java-core-3.3.5.jar:/Users/presidio/.m2/repository/com/github/docker-java/docker-java-api/3.3.5/docker-java-api-3.3.5.jar:/Users/presidio/.m2/repository/org/bouncycastle/bcpkix-jdk18on/1.76/bcpkix-jdk18on-1.76.jar:/Users/presidio/.m2/repository/org/bouncycastle/bcprov-jdk18on/1.76/bcprov-jdk18on-1.76.jar:/Users/presidio/.m2/repository/org/bouncycastle/bcutil-jdk18on/1.76/bcutil-jdk18on-1.76.jar:/Users/presidio/.m2/repository/org/slf4j/jcl-over-slf4j/1.7.30/jcl-over-slf4j-1.7.30.jar:/Users/presidio/.m2/repository/com/github/docker-java/docker-java-transport-httpclient5/3.3.5/docker-java-transport-httpclient5-3.3.5.jar:/Users/presidio/.m2/repository/com/github/docker-java/docker-java-transport/3.3.5/docker-java-transport-3.3.5.jar:/Users/presidio/.m2/repository/net/java/dev/jna/jna/5.13.0/jna-5.13.0.jar:/Users/presidio/.m2/repository/org/brotli/dec/0.1.2/dec-0.1.2.jar:/Users/presidio/.m2/repository/org/apache/httpcomponents/client5/httpclient5/5.2.1/httpclient5-5.2.1.jar:/Users/presidio/.m2/repository/org/apache/httpcomponents/core5/httpcore5/5.2/httpcore5-5.2.jar:/Users/presidio/.m2/repository/org/apache/httpcomponents/core5/httpcore5-h2/5.2/httpcore5-h2-5.2.jar:/Users/presidio/.m2/repository/org/seleniumhq/selenium/selenium-java/4.10.0/selenium-java-4.10.0.jar:/Users/presidio/.m2/repository/org/seleniumhq/selenium/selenium-api/4.10.0/selenium-api-4.10.0.jar:/Users/presidio/.m2/repository/org/seleniumhq/selenium/selenium-chrome-driver/4.10.0/selenium-chrome-driver-4.10.0.jar:/Users/presidio/.m2/repository/com/google/auto/service/auto-service-annotations/1.0.1/auto-service-annotations-1.0.1.jar:/Users/presidio/.m2/repository/com/google/auto/service/auto-service/1.0.1/auto-service-1.0.1.jar:/Users/presidio/.m2/repository/com/google/auto/auto-common/1.2/auto-common-1.2.jar:/Users/presidio/.m2/repository/com/google/guava/guava/31.1-jre/guava-31.1-jre.jar:/Users/presidio/.m2/repository/com/google/guava/failureaccess/1.0.1/failureaccess-1.0.1.jar:/Users/presidio/.m2/repository/com/google/guava/listenablefuture/9999.0-empty-to-avoid-conflict-with-guava/listenablefuture-9999.0-empty-to-avoid-conflict-with-guava.jar:/Users/presidio/.m2/repository/com/google/code/findbugs/jsr305/3.0.2/jsr305-3.0.2.jar:/Users/presidio/.m2/repository/org/checkerframework/checker-qual/3.12.0/checker-qual-3.12.0.jar:/Users/presidio/.m2/repository/com/google/errorprone/error_prone_annotations/2.11.0/error_prone_annotations-2.11.0.jar:/Users/presidio/.m2/repository/com/google/j2objc/j2objc-annotations/1.3/j2objc-annotations-1.3.jar:/Users/presidio/.m2/repository/org/seleniumhq/selenium/selenium-chromium-driver/4.10.0/selenium-chromium-driver-4.10.0.jar:/Users/presidio/.m2/repository/org/seleniumhq/selenium/selenium-json/4.10.0/selenium-json-4.10.0.jar:/Users/presidio/.m2/repository/org/seleniumhq/selenium/selenium-manager/4.10.0/selenium-manager-4.10.0.jar:/Users/presidio/.m2/repository/org/seleniumhq/selenium/selenium-devtools-v112/4.10.0/selenium-devtools-v112-4.10.0.jar:/Users/presidio/.m2/repository/org/seleniumhq/selenium/selenium-devtools-v113/4.10.0/selenium-devtools-v113-4.10.0.jar:/Users/presidio/.m2/repository/org/seleniumhq/selenium/selenium-devtools-v114/4.10.0/selenium-devtools-v114-4.10.0.jar:/Users/presidio/.m2/repository/org/seleniumhq/selenium/selenium-devtools-v85/4.10.0/selenium-devtools-v85-4.10.0.jar:/Users/presidio/.m2/repository/org/seleniumhq/selenium/selenium-edge-driver/4.10.0/selenium-edge-driver-4.10.0.jar:/Users/presidio/.m2/repository/org/seleniumhq/selenium/selenium-firefox-driver/4.10.0/selenium-firefox-driver-4.10.0.jar:/Users/presidio/.m2/repository/org/seleniumhq/selenium/selenium-http/4.10.0/selenium-http-4.10.0.jar:/Users/presidio/.m2/repository/dev/failsafe/failsafe/3.3.1/failsafe-3.3.1.jar:/Users/presidio/.m2/repository/org/seleniumhq/selenium/selenium-ie-driver/4.10.0/selenium-ie-driver-4.10.0.jar:/Users/presidio/.m2/repository/org/seleniumhq/selenium/selenium-remote-driver/4.10.0/selenium-remote-driver-4.10.0.jar:/Users/presidio/.m2/repository/io/netty/netty-buffer/4.1.92.Final/netty-buffer-4.1.92.Final.jar:/Users/presidio/.m2/repository/io/netty/netty-codec-http/4.1.92.Final/netty-codec-http-4.1.92.Final.jar:/Users/presidio/.m2/repository/io/netty/netty-codec/4.1.92.Final/netty-codec-4.1.92.Final.jar:/Users/presidio/.m2/repository/io/netty/netty-handler/4.1.92.Final/netty-handler-4.1.92.Final.jar:/Users/presidio/.m2/repository/io/netty/netty-common/4.1.92.Final/netty-common-4.1.92.Final.jar:/Users/presidio/.m2/repository/io/netty/netty-transport-classes-epoll/4.1.92.Final/netty-transport-classes-epoll-4.1.92.Final.jar:/Users/presidio/.m2/repository/io/netty/netty-transport-classes-kqueue/4.1.92.Final/netty-transport-classes-kqueue-4.1.92.Final.jar:/Users/presidio/.m2/repository/io/netty/netty-transport-native-epoll/4.1.92.Final/netty-transport-native-epoll-4.1.92.Final.jar:/Users/presidio/.m2/repository/io/netty/netty-transport-native-kqueue/4.1.92.Final/netty-transport-native-kqueue-4.1.92.Final.jar:/Users/presidio/.m2/repository/io/netty/netty-transport-native-unix-common/4.1.92.Final/netty-transport-native-unix-common-4.1.92.Final.jar:/Users/presidio/.m2/repository/io/netty/netty-transport/4.1.92.Final/netty-transport-4.1.92.Final.jar:/Users/presidio/.m2/repository/io/netty/netty-resolver/4.1.92.Final/netty-resolver-4.1.92.Final.jar:/Users/presidio/.m2/repository/io/opentelemetry/opentelemetry-api/1.26.0/opentelemetry-api-1.26.0.jar:/Users/presidio/.m2/repository/io/opentelemetry/opentelemetry-context/1.26.0/opentelemetry-context-1.26.0.jar:/Users/presidio/.m2/repository/io/opentelemetry/opentelemetry-exporter-logging/1.26.0/opentelemetry-exporter-logging-1.26.0.jar:/Users/presidio/.m2/repository/io/opentelemetry/opentelemetry-sdk-metrics/1.26.0/opentelemetry-sdk-metrics-1.26.0.jar:/Users/presidio/.m2/repository/io/opentelemetry/opentelemetry-extension-incubator/1.26.0-alpha/opentelemetry-extension-incubator-1.26.0-alpha.jar:/Users/presidio/.m2/repository/io/opentelemetry/opentelemetry-sdk-logs/1.26.0-alpha/opentelemetry-sdk-logs-1.26.0-alpha.jar:/Users/presidio/.m2/repository/io/opentelemetry/opentelemetry-api-logs/1.26.0-alpha/opentelemetry-api-logs-1.26.0-alpha.jar:/Users/presidio/.m2/repository/io/opentelemetry/opentelemetry-api-events/1.26.0-alpha/opentelemetry-api-events-1.26.0-alpha.jar:/Users/presidio/.m2/repository/io/opentelemetry/opentelemetry-sdk-common/1.26.0/opentelemetry-sdk-common-1.26.0.jar:/Users/presidio/.m2/repository/io/opentelemetry/opentelemetry-sdk-extension-autoconfigure-spi/1.26.0/opentelemetry-sdk-extension-autoconfigure-spi-1.26.0.jar:/Users/presidio/.m2/repository/io/opentelemetry/opentelemetry-sdk-extension-autoconfigure/1.26.0-alpha/opentelemetry-sdk-extension-autoconfigure-1.26.0-alpha.jar:/Users/presidio/.m2/repository/io/opentelemetry/opentelemetry-sdk-trace/1.26.0/opentelemetry-sdk-trace-1.26.0.jar:/Users/presidio/.m2/repository/io/opentelemetry/opentelemetry-sdk/1.26.0/opentelemetry-sdk-1.26.0.jar:/Users/presidio/.m2/repository/io/opentelemetry/opentelemetry-semconv/1.26.0-alpha/opentelemetry-semconv-1.26.0-alpha.jar:/Users/presidio/.m2/repository/net/bytebuddy/byte-buddy/1.14.4/byte-buddy-1.14.4.jar:/Users/presidio/.m2/repository/org/apache/commons/commons-exec/1.3/commons-exec-1.3.jar:/Users/presidio/.m2/repository/org/asynchttpclient/async-http-client/2.12.3/async-http-client-2.12.3.jar:/Users/presidio/.m2/repository/org/asynchttpclient/async-http-client-netty-utils/2.12.3/async-http-client-netty-utils-2.12.3.jar:/Users/presidio/.m2/repository/io/netty/netty-codec-socks/4.1.60.Final/netty-codec-socks-4.1.60.Final.jar:/Users/presidio/.m2/repository/io/netty/netty-handler-proxy/4.1.60.Final/netty-handler-proxy-4.1.60.Final.jar:/Users/presidio/.m2/repository/io/netty/netty-transport-native-epoll/4.1.60.Final/netty-transport-native-epoll-4.1.60.Final-linux-x86_64.jar:/Users/presidio/.m2/repository/io/netty/netty-transport-native-kqueue/4.1.60.Final/netty-transport-native-kqueue-4.1.60.Final-osx-x86_64.jar:/Users/presidio/.m2/repository/org/reactivestreams/reactive-streams/1.0.3/reactive-streams-1.0.3.jar:/Users/presidio/.m2/repository/com/typesafe/netty/netty-reactive-streams/2.0.4/netty-reactive-streams-2.0.4.jar:/Users/presidio/.m2/repository/com/sun/activation/jakarta.activation/1.2.2/jakarta.activation-1.2.2.jar:/Users/presidio/.m2/repository/org/seleniumhq/selenium/selenium-safari-driver/4.10.0/selenium-safari-driver-4.10.0.jar:/Users/presidio/.m2/repository/org/seleniumhq/selenium/selenium-support/4.10.0/selenium-support-4.10.0.jar:/Users/presidio/.m2/repository/com/fasterxml/jackson/core/jackson-databind/2.17.2/jackson-databind-2.17.2.jar:/Users/presidio/.m2/repository/com/fasterxml/jackson/core/jackson-annotations/2.17.2/jackson-annotations-2.17.2.jar:/Users/presidio/.m2/repository/com/fasterxml/jackson/core/jackson-core/2.17.2/jackson-core-2.17.2.jar:/Users/presidio/.m2/repository/net/masterthought/cucumber-reporting/5.7.5/cucumber-reporting-5.7.5.jar:/Users/presidio/.m2/repository/com/fasterxml/jackson/datatype/jackson-datatype-jsr310/2.13.2/jackson-datatype-jsr310-2.13.2.jar:/Users/presidio/.m2/repository/org/apache/velocity/velocity-engine-core/2.3/velocity-engine-core-2.3.jar:/Users/presidio/.m2/repository/org/apache/commons/commons-collections4/4.4/commons-collections4-4.4.jar:/Users/presidio/.m2/repository/commons-io/commons-io/2.7/commons-io-2.7.jar:/Users/presidio/.m2/repository/org/jsoup/jsoup/1.15.4/jsoup-1.15.4.jar:/Users/presidio/.m2/repository/com/googlecode/owasp-java-html-sanitizer/owasp-java-html-sanitizer/20220608.1/owasp-java-html-sanitizer-20220608.1.jar:/Users/presidio/.m2/repository/commons-configuration/commons-configuration/1.10/commons-configuration-1.10.jar:/Users/presidio/.m2/repository/commons-lang/commons-lang/2.6/commons-lang-2.6.jar:/Users/presidio/.m2/repository/commons-logging/commons-logging/1.1.1/commons-logging-1.1.1.jar:"/>
    <property name="java.vm.vendor" value="Oracle Corporation"/>
    <property name="sun.arch.data.model" value="64"/>
    <property name="java.vendor.url" value="https://java.oracle.com/"/>
    <property name="user.timezone" value="Asia/Kolkata"/>
    <property name="os.name" value="Mac OS X"/>
    <property name="java.vm.specification.version" value="17"/>
    <property name="sun.java.launcher" value="SUN_STANDARD"/>
    <property name="user.country" value="IN"/>
    <property name="sun.boot.library.path" value="/Library/Java/JavaVirtualMachines/jdk-17.jdk/Contents/Home/lib"/>
    <property name="sun.java.command" value="/Users/presidio/eclipse-workspace/DemoBlaze/target/surefire/surefirebooter-20240924152404254_3.jar /Users/presidio/eclipse-workspace/DemoBlaze/target/surefire 2024-09-24T15-24-04_173-jvmRun1 surefire-20240924152404254_1tmp surefire_0-20240924152404254_2tmp"/>
    <property name="http.nonProxyHosts" value="local|*.local|169.254/16|*.169.254/16"/>
    <property name="jdk.debug" value="release"/>
    <property name="surefire.test.class.path" value="/Users/presidio/eclipse-workspace/DemoBlaze/target/test-classes:/Users/presidio/eclipse-workspace/DemoBlaze/target/classes:/Users/presidio/.m2/repository/io/cucumber/cucumber-java/7.15.0/cucumber-java-7.15.0.jar:/Users/presidio/.m2/repository/io/cucumber/cucumber-core/7.15.0/cucumber-core-7.15.0.jar:/Users/presidio/.m2/repository/io/cucumber/cucumber-gherkin/7.15.0/cucumber-gherkin-7.15.0.jar:/Users/presidio/.m2/repository/io/cucumber/cucumber-gherkin-messages/7.15.0/cucumber-gherkin-messages-7.15.0.jar:/Users/presidio/.m2/repository/io/cucumber/gherkin/26.2.0/gherkin-26.2.0.jar:/Users/presidio/.m2/repository/io/cucumber/messages/22.0.0/messages-22.0.0.jar:/Users/presidio/.m2/repository/io/cucumber/tag-expressions/6.0.0/tag-expressions-6.0.0.jar:/Users/presidio/.m2/repository/io/cucumber/cucumber-expressions/17.0.1/cucumber-expressions-17.0.1.jar:/Users/presidio/.m2/repository/io/cucumber/datatable/7.15.0/datatable-7.15.0.jar:/Users/presidio/.m2/repository/io/cucumber/cucumber-plugin/7.15.0/cucumber-plugin-7.15.0.jar:/Users/presidio/.m2/repository/io/cucumber/docstring/7.15.0/docstring-7.15.0.jar:/Users/presidio/.m2/repository/io/cucumber/html-formatter/20.4.0/html-formatter-20.4.0.jar:/Users/presidio/.m2/repository/io/cucumber/junit-xml-formatter/0.2.0/junit-xml-formatter-0.2.0.jar:/Users/presidio/.m2/repository/io/cucumber/ci-environment/10.0.0/ci-environment-10.0.0.jar:/Users/presidio/.m2/repository/org/apiguardian/apiguardian-api/1.1.2/apiguardian-api-1.1.2.jar:/Users/presidio/.m2/repository/io/cucumber/cucumber-junit/7.15.0/cucumber-junit-7.15.0.jar:/Users/presidio/.m2/repository/junit/junit/4.13.2/junit-4.13.2.jar:/Users/presidio/.m2/repository/org/hamcrest/hamcrest-core/1.3/hamcrest-core-1.3.jar:/Users/presidio/.m2/repository/org/apache/poi/poi-ooxml/4.1.2/poi-ooxml-4.1.2.jar:/Users/presidio/.m2/repository/org/apache/poi/poi/4.1.2/poi-4.1.2.jar:/Users/presidio/.m2/repository/org/apache/commons/commons-math3/3.6.1/commons-math3-3.6.1.jar:/Users/presidio/.m2/repository/com/zaxxer/SparseBitSet/1.2/SparseBitSet-1.2.jar:/Users/presidio/.m2/repository/org/apache/poi/poi-ooxml-schemas/4.1.2/poi-ooxml-schemas-4.1.2.jar:/Users/presidio/.m2/repository/org/apache/xmlbeans/xmlbeans/3.1.0/xmlbeans-3.1.0.jar:/Users/presidio/.m2/repository/org/apache/commons/commons-compress/1.19/commons-compress-1.19.jar:/Users/presidio/.m2/repository/com/github/virtuald/curvesapi/1.06/curvesapi-1.06.jar:/Users/presidio/.m2/repository/com/github/mkolisnyk/cucumber-report-generator/1.3.5/cucumber-report-generator-1.3.5.jar:/Users/presidio/.m2/repository/xml-apis/xml-apis/1.4.01/xml-apis-1.4.01.jar:/Users/presidio/.m2/repository/batik/batik-transcoder/1.6-1/batik-transcoder-1.6-1.jar:/Users/presidio/.m2/repository/batik/batik-bridge/1.6-1/batik-bridge-1.6-1.jar:/Users/presidio/.m2/repository/batik/batik-gvt/1.6-1/batik-gvt-1.6-1.jar:/Users/presidio/.m2/repository/batik/batik-awt-util/1.6-1/batik-awt-util-1.6-1.jar:/Users/presidio/.m2/repository/batik/batik-util/1.6-1/batik-util-1.6-1.jar:/Users/presidio/.m2/repository/batik/batik-gui-util/1.6-1/batik-gui-util-1.6-1.jar:/Users/presidio/.m2/repository/batik/batik-ext/1.6-1/batik-ext-1.6-1.jar:/Users/presidio/.m2/repository/xml-apis/xmlParserAPIs/2.0.2/xmlParserAPIs-2.0.2.jar:/Users/presidio/.m2/repository/batik/batik-script/1.6-1/batik-script-1.6-1.jar:/Users/presidio/.m2/repository/rhino/js/1.5R4.1/js-1.5R4.1.jar:/Users/presidio/.m2/repository/batik/batik-svg-dom/1.6-1/batik-svg-dom-1.6-1.jar:/Users/presidio/.m2/repository/batik/batik-dom/1.6-1/batik-dom-1.6-1.jar:/Users/presidio/.m2/repository/batik/batik-css/1.6-1/batik-css-1.6-1.jar:/Users/presidio/.m2/repository/batik/batik-xml/1.6-1/batik-xml-1.6-1.jar:/Users/presidio/.m2/repository/xerces/xercesImpl/2.5.0/xercesImpl-2.5.0.jar:/Users/presidio/.m2/repository/batik/batik-parser/1.6-1/batik-parser-1.6-1.jar:/Users/presidio/.m2/repository/com/itextpdf/itextpdf/5.5.12/itextpdf-5.5.12.jar:/Users/presidio/.m2/repository/com/cedarsoftware/json-io/4.10.0/json-io-4.10.0.jar:/Users/presidio/.m2/repository/info/cukes/cucumber-junit/1.2.5/cucumber-junit-1.2.5.jar:/Users/presidio/.m2/repository/info/cukes/cucumber-core/1.2.5/cucumber-core-1.2.5.jar:/Users/presidio/.m2/repository/info/cukes/cucumber-html/0.2.3/cucumber-html-0.2.3.jar:/Users/presidio/.m2/repository/info/cukes/cucumber-jvm-deps/1.0.5/cucumber-jvm-deps-1.0.5.jar:/Users/presidio/.m2/repository/info/cukes/gherkin/2.12.2/gherkin-2.12.2.jar:/Users/presidio/.m2/repository/info/cukes/cucumber-testng/1.2.5/cucumber-testng-1.2.5.jar:/Users/presidio/.m2/repository/org/testng/testng/6.9.10/testng-6.9.10.jar:/Users/presidio/.m2/repository/com/beust/jcommander/1.48/jcommander-1.48.jar:/Users/presidio/.m2/repository/org/beanshell/bsh/2.0b4/bsh-2.0b4.jar:/Users/presidio/.m2/repository/org/xhtmlrenderer/flying-saucer-pdf/9.1.7/flying-saucer-pdf-9.1.7.jar:/Users/presidio/.m2/repository/com/lowagie/itext/2.1.7/itext-2.1.7.jar:/Users/presidio/.m2/repository/org/bouncycastle/bctsp-jdk14/1.38/bctsp-jdk14-1.38.jar:/Users/presidio/.m2/repository/org/xhtmlrenderer/flying-saucer-core/9.1.7/flying-saucer-core-9.1.7.jar:/Users/presidio/.m2/repository/org/apache/commons/commons-lang3/3.6/commons-lang3-3.6.jar:/Users/presidio/.m2/repository/commons-codec/commons-codec/1.10/commons-codec-1.10.jar:/Users/presidio/.m2/repository/org/javassist/javassist/3.22.0-CR2/javassist-3.22.0-CR2.jar:/Users/presidio/.m2/repository/joda-time/joda-time/2.9.9/joda-time-2.9.9.jar:/Users/presidio/.m2/repository/org/freemarker/freemarker/2.3.26-incubating/freemarker-2.3.26-incubating.jar:/Users/presidio/.m2/repository/org/codehaus/plexus/plexus-utils/3.0.1/plexus-utils-3.0.1.jar:/Users/presidio/.m2/repository/org/apache/maven/maven-plugin-api/2.0/maven-plugin-api-2.0.jar:/Users/presidio/.m2/repository/org/apache/maven/reporting/maven-reporting-api/2.0.8/maven-reporting-api-2.0.8.jar:/Users/presidio/.m2/repository/org/apache/maven/doxia/doxia-sink-api/1.0-alpha-9/doxia-sink-api-1.0-alpha-9.jar:/Users/presidio/.m2/repository/org/apache/maven/reporting/maven-reporting-impl/2.0.4.3/maven-reporting-impl-2.0.4.3.jar:/Users/presidio/.m2/repository/org/apache/maven/maven-project/2.0.4/maven-project-2.0.4.jar:/Users/presidio/.m2/repository/org/apache/maven/maven-settings/2.0.4/maven-settings-2.0.4.jar:/Users/presidio/.m2/repository/org/apache/maven/maven-profile/2.0.4/maven-profile-2.0.4.jar:/Users/presidio/.m2/repository/org/apache/maven/maven-model/2.0.4/maven-model-2.0.4.jar:/Users/presidio/.m2/repository/org/apache/maven/maven-artifact-manager/2.0.4/maven-artifact-manager-2.0.4.jar:/Users/presidio/.m2/repository/org/apache/maven/maven-repository-metadata/2.0.4/maven-repository-metadata-2.0.4.jar:/Users/presidio/.m2/repository/org/apache/maven/wagon/wagon-provider-api/1.0-alpha-6/wagon-provider-api-1.0-alpha-6.jar:/Users/presidio/.m2/repository/org/apache/maven/maven-artifact/2.0.4/maven-artifact-2.0.4.jar:/Users/presidio/.m2/repository/org/codehaus/plexus/plexus-container-default/1.0-alpha-9/plexus-container-default-1.0-alpha-9.jar:/Users/presidio/.m2/repository/classworlds/classworlds/1.1-alpha-2/classworlds-1.1-alpha-2.jar:/Users/presidio/.m2/repository/org/apache/maven/doxia/doxia-core/1.0/doxia-core-1.0.jar:/Users/presidio/.m2/repository/org/apache/maven/doxia/doxia-site-renderer/1.0/doxia-site-renderer-1.0.jar:/Users/presidio/.m2/repository/org/codehaus/plexus/plexus-i18n/1.0-beta-7/plexus-i18n-1.0-beta-7.jar:/Users/presidio/.m2/repository/org/codehaus/plexus/plexus-velocity/1.1.7/plexus-velocity-1.1.7.jar:/Users/presidio/.m2/repository/org/apache/velocity/velocity/1.5/velocity-1.5.jar:/Users/presidio/.m2/repository/org/apache/maven/doxia/doxia-decoration-model/1.0/doxia-decoration-model-1.0.jar:/Users/presidio/.m2/repository/commons-collections/commons-collections/3.2/commons-collections-3.2.jar:/Users/presidio/.m2/repository/org/apache/maven/doxia/doxia-module-apt/1.0/doxia-module-apt-1.0.jar:/Users/presidio/.m2/repository/org/apache/maven/doxia/doxia-module-fml/1.0/doxia-module-fml-1.0.jar:/Users/presidio/.m2/repository/org/apache/maven/doxia/doxia-module-xdoc/1.0/doxia-module-xdoc-1.0.jar:/Users/presidio/.m2/repository/org/apache/maven/doxia/doxia-module-xhtml/1.0/doxia-module-xhtml-1.0.jar:/Users/presidio/.m2/repository/commons-validator/commons-validator/1.2.0/commons-validator-1.2.0.jar:/Users/presidio/.m2/repository/commons-beanutils/commons-beanutils/1.7.0/commons-beanutils-1.7.0.jar:/Users/presidio/.m2/repository/commons-digester/commons-digester/1.6/commons-digester-1.6.jar:/Users/presidio/.m2/repository/oro/oro/2.0.8/oro-2.0.8.jar:/Users/presidio/.m2/repository/org/apache/maven/shared/maven-doxia-tools/1.0.2/maven-doxia-tools-1.0.2.jar:/Users/presidio/.m2/repository/io/github/bonigarcia/webdrivermanager/5.7.0/webdrivermanager-5.7.0.jar:/Users/presidio/.m2/repository/org/slf4j/slf4j-api/2.0.12/slf4j-api-2.0.12.jar:/Users/presidio/.m2/repository/com/google/code/gson/gson/2.10.1/gson-2.10.1.jar:/Users/presidio/.m2/repository/com/github/docker-java/docker-java/3.3.5/docker-java-3.3.5.jar:/Users/presidio/.m2/repository/com/github/docker-java/docker-java-core/3.3.5/docker-java-core-3.3.5.jar:/Users/presidio/.m2/repository/com/github/docker-java/docker-java-api/3.3.5/docker-java-api-3.3.5.jar:/Users/presidio/.m2/repository/org/bouncycastle/bcpkix-jdk18on/1.76/bcpkix-jdk18on-1.76.jar:/Users/presidio/.m2/repository/org/bouncycastle/bcprov-jdk18on/1.76/bcprov-jdk18on-1.76.jar:/Users/presidio/.m2/repository/org/bouncycastle/bcutil-jdk18on/1.76/bcutil-jdk18on-1.76.jar:/Users/presidio/.m2/repository/org/slf4j/jcl-over-slf4j/1.7.30/jcl-over-slf4j-1.7.30.jar:/Users/presidio/.m2/repository/com/github/docker-java/docker-java-transport-httpclient5/3.3.5/docker-java-transport-httpclient5-3.3.5.jar:/Users/presidio/.m2/repository/com/github/docker-java/docker-java-transport/3.3.5/docker-java-transport-3.3.5.jar:/Users/presidio/.m2/repository/net/java/dev/jna/jna/5.13.0/jna-5.13.0.jar:/Users/presidio/.m2/repository/org/brotli/dec/0.1.2/dec-0.1.2.jar:/Users/presidio/.m2/repository/org/apache/httpcomponents/client5/httpclient5/5.2.1/httpclient5-5.2.1.jar:/Users/presidio/.m2/repository/org/apache/httpcomponents/core5/httpcore5/5.2/httpcore5-5.2.jar:/Users/presidio/.m2/repository/org/apache/httpcomponents/core5/httpcore5-h2/5.2/httpcore5-h2-5.2.jar:/Users/presidio/.m2/repository/org/seleniumhq/selenium/selenium-java/4.10.0/selenium-java-4.10.0.jar:/Users/presidio/.m2/repository/org/seleniumhq/selenium/selenium-api/4.10.0/selenium-api-4.10.0.jar:/Users/presidio/.m2/repository/org/seleniumhq/selenium/selenium-chrome-driver/4.10.0/selenium-chrome-driver-4.10.0.jar:/Users/presidio/.m2/repository/com/google/auto/service/auto-service-annotations/1.0.1/auto-service-annotations-1.0.1.jar:/Users/presidio/.m2/repository/com/google/auto/service/auto-service/1.0.1/auto-service-1.0.1.jar:/Users/presidio/.m2/repository/com/google/auto/auto-common/1.2/auto-common-1.2.jar:/Users/presidio/.m2/repository/com/google/guava/guava/31.1-jre/guava-31.1-jre.jar:/Users/presidio/.m2/repository/com/google/guava/failureaccess/1.0.1/failureaccess-1.0.1.jar:/Users/presidio/.m2/repository/com/google/guava/listenablefuture/9999.0-empty-to-avoid-conflict-with-guava/listenablefuture-9999.0-empty-to-avoid-conflict-with-guava.jar:/Users/presidio/.m2/repository/com/google/code/findbugs/jsr305/3.0.2/jsr305-3.0.2.jar:/Users/presidio/.m2/repository/org/checkerframework/checker-qual/3.12.0/checker-qual-3.12.0.jar:/Users/presidio/.m2/repository/com/google/errorprone/error_prone_annotations/2.11.0/error_prone_annotations-2.11.0.jar:/Users/presidio/.m2/repository/com/google/j2objc/j2objc-annotations/1.3/j2objc-annotations-1.3.jar:/Users/presidio/.m2/repository/org/seleniumhq/selenium/selenium-chromium-driver/4.10.0/selenium-chromium-driver-4.10.0.jar:/Users/presidio/.m2/repository/org/seleniumhq/selenium/selenium-json/4.10.0/selenium-json-4.10.0.jar:/Users/presidio/.m2/repository/org/seleniumhq/selenium/selenium-manager/4.10.0/selenium-manager-4.10.0.jar:/Users/presidio/.m2/repository/org/seleniumhq/selenium/selenium-devtools-v112/4.10.0/selenium-devtools-v112-4.10.0.jar:/Users/presidio/.m2/repository/org/seleniumhq/selenium/selenium-devtools-v113/4.10.0/selenium-devtools-v113-4.10.0.jar:/Users/presidio/.m2/repository/org/seleniumhq/selenium/selenium-devtools-v114/4.10.0/selenium-devtools-v114-4.10.0.jar:/Users/presidio/.m2/repository/org/seleniumhq/selenium/selenium-devtools-v85/4.10.0/selenium-devtools-v85-4.10.0.jar:/Users/presidio/.m2/repository/org/seleniumhq/selenium/selenium-edge-driver/4.10.0/selenium-edge-driver-4.10.0.jar:/Users/presidio/.m2/repository/org/seleniumhq/selenium/selenium-firefox-driver/4.10.0/selenium-firefox-driver-4.10.0.jar:/Users/presidio/.m2/repository/org/seleniumhq/selenium/selenium-http/4.10.0/selenium-http-4.10.0.jar:/Users/presidio/.m2/repository/dev/failsafe/failsafe/3.3.1/failsafe-3.3.1.jar:/Users/presidio/.m2/repository/org/seleniumhq/selenium/selenium-ie-driver/4.10.0/selenium-ie-driver-4.10.0.jar:/Users/presidio/.m2/repository/org/seleniumhq/selenium/selenium-remote-driver/4.10.0/selenium-remote-driver-4.10.0.jar:/Users/presidio/.m2/repository/io/netty/netty-buffer/4.1.92.Final/netty-buffer-4.1.92.Final.jar:/Users/presidio/.m2/repository/io/netty/netty-codec-http/4.1.92.Final/netty-codec-http-4.1.92.Final.jar:/Users/presidio/.m2/repository/io/netty/netty-codec/4.1.92.Final/netty-codec-4.1.92.Final.jar:/Users/presidio/.m2/repository/io/netty/netty-handler/4.1.92.Final/netty-handler-4.1.92.Final.jar:/Users/presidio/.m2/repository/io/netty/netty-common/4.1.92.Final/netty-common-4.1.92.Final.jar:/Users/presidio/.m2/repository/io/netty/netty-transport-classes-epoll/4.1.92.Final/netty-transport-classes-epoll-4.1.92.Final.jar:/Users/presidio/.m2/repository/io/netty/netty-transport-classes-kqueue/4.1.92.Final/netty-transport-classes-kqueue-4.1.92.Final.jar:/Users/presidio/.m2/repository/io/netty/netty-transport-native-epoll/4.1.92.Final/netty-transport-native-epoll-4.1.92.Final.jar:/Users/presidio/.m2/repository/io/netty/netty-transport-native-kqueue/4.1.92.Final/netty-transport-native-kqueue-4.1.92.Final.jar:/Users/presidio/.m2/repository/io/netty/netty-transport-native-unix-common/4.1.92.Final/netty-transport-native-unix-common-4.1.92.Final.jar:/Users/presidio/.m2/repository/io/netty/netty-transport/4.1.92.Final/netty-transport-4.1.92.Final.jar:/Users/presidio/.m2/repository/io/netty/netty-resolver/4.1.92.Final/netty-resolver-4.1.92.Final.jar:/Users/presidio/.m2/repository/io/opentelemetry/opentelemetry-api/1.26.0/opentelemetry-api-1.26.0.jar:/Users/presidio/.m2/repository/io/opentelemetry/opentelemetry-context/1.26.0/opentelemetry-context-1.26.0.jar:/Users/presidio/.m2/repository/io/opentelemetry/opentelemetry-exporter-logging/1.26.0/opentelemetry-exporter-logging-1.26.0.jar:/Users/presidio/.m2/repository/io/opentelemetry/opentelemetry-sdk-metrics/1.26.0/opentelemetry-sdk-metrics-1.26.0.jar:/Users/presidio/.m2/repository/io/opentelemetry/opentelemetry-extension-incubator/1.26.0-alpha/opentelemetry-extension-incubator-1.26.0-alpha.jar:/Users/presidio/.m2/repository/io/opentelemetry/opentelemetry-sdk-logs/1.26.0-alpha/opentelemetry-sdk-logs-1.26.0-alpha.jar:/Users/presidio/.m2/repository/io/opentelemetry/opentelemetry-api-logs/1.26.0-alpha/opentelemetry-api-logs-1.26.0-alpha.jar:/Users/presidio/.m2/repository/io/opentelemetry/opentelemetry-api-events/1.26.0-alpha/opentelemetry-api-events-1.26.0-alpha.jar:/Users/presidio/.m2/repository/io/opentelemetry/opentelemetry-sdk-common/1.26.0/opentelemetry-sdk-common-1.26.0.jar:/Users/presidio/.m2/repository/io/opentelemetry/opentelemetry-sdk-extension-autoconfigure-spi/1.26.0/opentelemetry-sdk-extension-autoconfigure-spi-1.26.0.jar:/Users/presidio/.m2/repository/io/opentelemetry/opentelemetry-sdk-extension-autoconfigure/1.26.0-alpha/opentelemetry-sdk-extension-autoconfigure-1.26.0-alpha.jar:/Users/presidio/.m2/repository/io/opentelemetry/opentelemetry-sdk-trace/1.26.0/opentelemetry-sdk-trace-1.26.0.jar:/Users/presidio/.m2/repository/io/opentelemetry/opentelemetry-sdk/1.26.0/opentelemetry-sdk-1.26.0.jar:/Users/presidio/.m2/repository/io/opentelemetry/opentelemetry-semconv/1.26.0-alpha/opentelemetry-semconv-1.26.0-alpha.jar:/Users/presidio/.m2/repository/net/bytebuddy/byte-buddy/1.14.4/byte-buddy-1.14.4.jar:/Users/presidio/.m2/repository/org/apache/commons/commons-exec/1.3/commons-exec-1.3.jar:/Users/presidio/.m2/repository/org/asynchttpclient/async-http-client/2.12.3/async-http-client-2.12.3.jar:/Users/presidio/.m2/repository/org/asynchttpclient/async-http-client-netty-utils/2.12.3/async-http-client-netty-utils-2.12.3.jar:/Users/presidio/.m2/repository/io/netty/netty-codec-socks/4.1.60.Final/netty-codec-socks-4.1.60.Final.jar:/Users/presidio/.m2/repository/io/netty/netty-handler-proxy/4.1.60.Final/netty-handler-proxy-4.1.60.Final.jar:/Users/presidio/.m2/repository/io/netty/netty-transport-native-epoll/4.1.60.Final/netty-transport-native-epoll-4.1.60.Final-linux-x86_64.jar:/Users/presidio/.m2/repository/io/netty/netty-transport-native-kqueue/4.1.60.Final/netty-transport-native-kqueue-4.1.60.Final-osx-x86_64.jar:/Users/presidio/.m2/repository/org/reactivestreams/reactive-streams/1.0.3/reactive-streams-1.0.3.jar:/Users/presidio/.m2/repository/com/typesafe/netty/netty-reactive-streams/2.0.4/netty-reactive-streams-2.0.4.jar:/Users/presidio/.m2/repository/com/sun/activation/jakarta.activation/1.2.2/jakarta.activation-1.2.2.jar:/Users/presidio/.m2/repository/org/seleniumhq/selenium/selenium-safari-driver/4.10.0/selenium-safari-driver-4.10.0.jar:/Users/presidio/.m2/repository/org/seleniumhq/selenium/selenium-support/4.10.0/selenium-support-4.10.0.jar:/Users/presidio/.m2/repository/com/fasterxml/jackson/core/jackson-databind/2.17.2/jackson-databind-2.17.2.jar:/Users/presidio/.m2/repository/com/fasterxml/jackson/core/jackson-annotations/2.17.2/jackson-annotations-2.17.2.jar:/Users/presidio/.m2/repository/com/fasterxml/jackson/core/jackson-core/2.17.2/jackson-core-2.17.2.jar:/Users/presidio/.m2/repository/net/masterthought/cucumber-reporting/5.7.5/cucumber-reporting-5.7.5.jar:/Users/presidio/.m2/repository/com/fasterxml/jackson/datatype/jackson-datatype-jsr310/2.13.2/jackson-datatype-jsr310-2.13.2.jar:/Users/presidio/.m2/repository/org/apache/velocity/velocity-engine-core/2.3/velocity-engine-core-2.3.jar:/Users/presidio/.m2/repository/org/apache/commons/commons-collections4/4.4/commons-collections4-4.4.jar:/Users/presidio/.m2/repository/commons-io/commons-io/2.7/commons-io-2.7.jar:/Users/presidio/.m2/repository/org/jsoup/jsoup/1.15.4/jsoup-1.15.4.jar:/Users/presidio/.m2/repository/com/googlecode/owasp-java-html-sanitizer/owasp-java-html-sanitizer/20220608.1/owasp-java-html-sanitizer-20220608.1.jar:/Users/presidio/.m2/repository/commons-configuration/commons-configuration/1.10/commons-configuration-1.10.jar:/Users/presidio/.m2/repository/commons-lang/commons-lang/2.6/commons-lang-2.6.jar:/Users/presidio/.m2/repository/commons-logging/commons-logging/1.1.1/commons-logging-1.1.1.jar:"/>
    <property name="sun.cpu.endian" value="little"/>
    <property name="user.home" value="/Users/presidio"/>
    <property name="user.language" value="en"/>
    <property name="java.specification.vendor" value="Oracle Corporation"/>
    <property name="java.version.date" value="2024-07-16"/>
    <property name="java.home" value="/Library/Java/JavaVirtualMachines/jdk-17.jdk/Contents/Home"/>
    <property name="file.separator" value="/"/>
    <property name="style.color" value="always"/>
    <property name="basedir" value="/Users/presidio/eclipse-workspace/DemoBlaze"/>
    <property name="java.vm.compressedOopsMode" value="Zero based"/>
    <property name="line.separator" value="&#10;"/>
    <property name="java.vm.specification.vendor" value="Oracle Corporation"/>
    <property name="java.specification.name" value="Java Platform API Specification"/>
    <property name="surefire.real.class.path" value="/Users/presidio/eclipse-workspace/DemoBlaze/target/surefire/surefirebooter-20240924152404254_3.jar"/>
    <property name="sun.management.compiler" value="HotSpot 64-Bit Tiered Compilers"/>
    <property name="ftp.nonProxyHosts" value="local|*.local|169.254/16|*.169.254/16"/>
    <property name="java.runtime.version" value="17.0.12+8-LTS-286"/>
    <property name="user.name" value="presidio"/>
    <property name="path.separator" value=":"/>
    <property name="os.version" value="14.6.1"/>
    <property name="java.runtime.name" value="Java(TM) SE Runtime Environment"/>
    <property name="file.encoding" value="UTF-8"/>
    <property name="java.vm.name" value="Java HotSpot(TM) 64-Bit Server VM"/>
    <property name="localRepository" value="/Users/presidio/.m2/repository"/>
    <property name="java.vendor.url.bug" value="https://bugreport.java.com/bugreport/"/>
    <property name="java.io.tmpdir" value="/var/folders/5g/ngpk14n17kb_bfr3g_f_8c5w0000gn/T/"/>
    <property name="java.version" value="17.0.12"/>
    <property name="user.dir" value="/Users/presidio/eclipse-workspace/DemoBlaze"/>
    <property name="os.arch" value="x86_64"/>
    <property name="java.vm.specification.name" value="Java Virtual Machine Specification"/>
    <property name="native.encoding" value="UTF-8"/>
    <property name="java.library.path" value="/Users/presidio/Library/Java/Extensions:/Library/Java/Extensions:/Network/Library/Java/Extensions:/System/Library/Java/Extensions:/usr/lib/java:."/>
    <property name="java.vm.info" value="mixed mode, sharing"/>
    <property name="java.vendor" value="Oracle Corporation"/>
    <property name="java.vm.version" value="17.0.12+8-LTS-286"/>
    <property name="sun.io.unicode.encoding" value="UnicodeBig"/>
    <property name="socksNonProxyHosts" value="local|*.local|169.254/16|*.169.254/16"/>
    <property name="java.class.version" value="61.0"/>
  </properties>
</testsuite>